main.cpp:7:12: error: function definition does not declare parameters
main.cpp:8:12: error: function definition does not declare parameters
main.cpp: In function 'int main()':
main.cpp:16:20: error: 'struct Foo' has no member named 'm_zero'
