In file included from main.cpp:1:
In file included from /usr/local/include/boost/python.hpp:18:
In file included from /usr/local/include/boost/python/class.hpp:17:
In file included from /usr/local/include/boost/python/data_members.hpp:15:
/usr/local/include/boost/python/make_function.hpp:104:36: error: no matching function for call to 'get_signature'
        f,default_call_policies(), detail::get_signature(f));
                                   ^~~~~~~~~~~~~~~~~~~~~
/usr/local/include/boost/python/def.hpp:82:45: note: in instantiation of function template specialization 'boost::python::make_function<boost::python::list (*)(int, int, int, int, int, int, int, int, int, int, int, int, int, int, int, int)>' requested here
  object make_function1(T fn, ...) { return make_function(fn); }
                                            ^
/usr/local/include/boost/python/def.hpp:91:45: note: in instantiation of function template specialization 'boost::python::detail::make_function1<boost::python::list (*)(int, int, int, int, int, int, int, int, int, int, int, int, int, int, int, int)>' requested here
    detail::scope_setattr_doc(name, detail::make_function1(fn, &fn), 0);
                                            ^
main.cpp:45:11: note: in instantiation of function template specialization 'boost::python::def<boost::python::list (*)(int, int, int, int, int, int, int, int, int, int, int, int, int, int, int, int)>' requested here
  python::def("spam", spam_16);
          ^
/usr/local/include/boost/python/signature.hpp:218:1: note: candidate template ignored: could not match 'RT (ClassT::*)(T0, T1, T2, T3, T4) const volatile' against 'boost::python::list (*)(int, int, int, int, int, int, int, int, int, int, int, int, int, int, int, int)'
get_signature(RT(BOOST_PYTHON_FN_CC ClassT::*)(BOOST_PP_ENUM_PARAMS_Z(1, N, T)) Q)
^
/usr/local/include/boost/python/signature.hpp:218:1: note: candidate template ignored: could not match 'RT (ClassT::*)(T0, T1, T2, T3, T4, T5)' against 'boost::python::list (*)(int, int, int, int, int, int, int, int, int, int, int, int, int, int, int, int)'
get_signature(RT(BOOST_PYTHON_FN_CC ClassT::*)(BOOST_PP_ENUM_PARAMS_Z(1, N, T)) Q)
^
/usr/local/include/boost/python/signature.hpp:218:1: note: candidate template ignored: could not match 'RT (ClassT::*)(T0, T1, T2, T3, T4, T5) const' against 'boost::python::list (*)(int, int, int, int, int, int, int, int, int, int, int, int, int, int, int, int)'
get_signature(RT(BOOST_PYTHON_FN_CC ClassT::*)(BOOST_PP_ENUM_PARAMS_Z(1, N, T)) Q)
^
/usr/local/include/boost/python/signature.hpp:218:1: note: candidate template ignored: could not match 'RT (ClassT::*)(T0, T1, T2, T3, T4, T5) volatile' against 'boost::python::list (*)(int, int, int, int, int, int, int, int, int, int, int, int, int, int, int, int)'
get_signature(RT(BOOST_PYTHON_FN_CC ClassT::*)(BOOST_PP_ENUM_PARAMS_Z(1, N, T)) Q)
^
/usr/local/include/boost/python/signature.hpp:218:1: note: candidate template ignored: could not match 'RT (ClassT::*)(T0, T1, T2, T3, T4, T5) const volatile' against 'boost::python::list (*)(int, int, int, int, int, int, int, int, int, int, int, int, int, int, int, int)'
get_signature(RT(BOOST_PYTHON_FN_CC ClassT::*)(BOOST_PP_ENUM_PARAMS_Z(1, N, T)) Q)
^
/usr/local/include/boost/python/signature.hpp:218:1: note: candidate template ignored: could not match 'RT (ClassT::*)(T0, T1, T2, T3, T4, T5, T6)' against 'boost::python::list (*)(int, int, int, int, int, int, int, int, int, int, int, int, int, int, int, int)'
get_signature(RT(BOOST_PYTHON_FN_CC ClassT::*)(BOOST_PP_ENUM_PARAMS_Z(1, N, T)) Q)
^
/usr/local/include/boost/python/signature.hpp:218:1: note: candidate template ignored: could not match 'RT (ClassT::*)(T0, T1, T2, T3, T4, T5, T6) const' against 'boost::python::list (*)(int, int, int, int, int, int, int, int, int, int, int, int, int, int, int, int)'
get_signature(RT(BOOST_PYTHON_FN_CC ClassT::*)(BOOST_PP_ENUM_PARAMS_Z(1, N, T)) Q)
^
/usr/local/include/boost/python/signature.hpp:218:1: note: candidate template ignored: could not match 'RT (ClassT::*)(T0, T1, T2, T3, T4, T5, T6) volatile' against 'boost::python::list (*)(int, int, int, int, int, int, int, int, int, int, int, int, int, int, int, int)'
get_signature(RT(BOOST_PYTHON_FN_CC ClassT::*)(BOOST_PP_ENUM_PARAMS_Z(1, N, T)) Q)
^
/usr/local/include/boost/python/signature.hpp:218:1: note: candidate template ignored: could not match 'RT (ClassT::*)(T0, T1, T2, T3, T4, T5, T6) const volatile' against 'boost::python::list (*)(int, int, int, int, int, int, int, int, int, int, int, int, int, int, int, int)'
get_signature(RT(BOOST_PYTHON_FN_CC ClassT::*)(BOOST_PP_ENUM_PARAMS_Z(1, N, T)) Q)
^
/usr/local/include/boost/python/signature.hpp:218:1: note: candidate template ignored: could not match 'RT (ClassT::*)(T0, T1, T2, T3, T4, T5, T6, T7)' against 'boost::python::list (*)(int, int, int, int, int, int, int, int, int, int, int, int, int, int, int, int)'
get_signature(RT(BOOST_PYTHON_FN_CC ClassT::*)(BOOST_PP_ENUM_PARAMS_Z(1, N, T)) Q)
^
/usr/local/include/boost/python/signature.hpp:218:1: note: candidate template ignored: could not match 'RT (ClassT::*)(T0, T1, T2, T3, T4, T5, T6, T7) const' against 'boost::python::list (*)(int, int, int, int, int, int, int, int, int, int, int, int, int, int, int, int)'
get_signature(RT(BOOST_PYTHON_FN_CC ClassT::*)(BOOST_PP_ENUM_PARAMS_Z(1, N, T)) Q)
^
/usr/local/include/boost/python/signature.hpp:218:1: note: candidate template ignored: could not match 'RT (ClassT::*)(T0, T1, T2, T3, T4, T5, T6, T7) volatile' against 'boost::python::list (*)(int, int, int, int, int, int, int, int, int, int, int, int, int, int, int, int)'
get_signature(RT(BOOST_PYTHON_FN_CC ClassT::*)(BOOST_PP_ENUM_PARAMS_Z(1, N, T)) Q)
^
/usr/local/include/boost/python/signature.hpp:218:1: note: candidate template ignored: could not match 'RT (ClassT::*)(T0, T1, T2, T3, T4, T5, T6, T7) const volatile' against 'boost::python::list (*)(int, int, int, int, int, int, int, int, int, int, int, int, int, int, int, int)'
get_signature(RT(BOOST_PYTHON_FN_CC ClassT::*)(BOOST_PP_ENUM_PARAMS_Z(1, N, T)) Q)
^
/usr/local/include/boost/python/signature.hpp:218:1: note: candidate template ignored: could not match 'RT (ClassT::*)(T0, T1, T2, T3, T4, T5, T6, T7, T8)' against 'boost::python::list (*)(int, int, int, int, int, int, int, int, int, int, int, int, int, int, int, int)'
get_signature(RT(BOOST_PYTHON_FN_CC ClassT::*)(BOOST_PP_ENUM_PARAMS_Z(1, N, T)) Q)
^
/usr/local/include/boost/python/signature.hpp:218:1: note: candidate template ignored: could not match 'RT (ClassT::*)(T0, T1, T2, T3, T4, T5, T6, T7, T8) const' against 'boost::python::list (*)(int, int, int, int, int, int, int, int, int, int, int, int, int, int, int, int)'
get_signature(RT(BOOST_PYTHON_FN_CC ClassT::*)(BOOST_PP_ENUM_PARAMS_Z(1, N, T)) Q)
^
/usr/local/include/boost/python/signature.hpp:218:1: note: candidate template ignored: could not match 'RT (ClassT::*)(T0, T1, T2, T3, T4, T5, T6, T7, T8) volatile' against 'boost::python::list (*)(int, int, int, int, int, int, int, int, int, int, int, int, int, int, int, int)'
get_signature(RT(BOOST_PYTHON_FN_CC ClassT::*)(BOOST_PP_ENUM_PARAMS_Z(1, N, T)) Q)
^
/usr/local/include/boost/python/signature.hpp:218:1: note: candidate template ignored: could not match 'RT (ClassT::*)(T0, T1, T2, T3, T4, T5, T6, T7, T8) const volatile' against 'boost::python::list (*)(int, int, int, int, int, int, int, int, int, int, int, int, int, int, int, int)'
get_signature(RT(BOOST_PYTHON_FN_CC ClassT::*)(BOOST_PP_ENUM_PARAMS_Z(1, N, T)) Q)
^
/usr/local/include/boost/python/signature.hpp:194:1: note: candidate template ignored: failed template argument deduction
get_signature(RT(BOOST_PYTHON_FN_CC *)(BOOST_PP_ENUM_PARAMS_Z(1, N, T)), void* = 0)
^
/usr/local/include/boost/python/signature.hpp:218:1: note: candidate template ignored: could not match 'RT (ClassT::*)(T0, T1, T2, T3, T4, T5, T6, T7, T8, T9)' against 'boost::python::list (*)(int, int, int, int, int, int, int, int, int, int, int, int, int, int, int, int)'
get_signature(RT(BOOST_PYTHON_FN_CC ClassT::*)(BOOST_PP_ENUM_PARAMS_Z(1, N, T)) Q)
^
/usr/local/include/boost/python/signature.hpp:194:1: note: candidate template ignored: failed template argument deduction
get_signature(RT(BOOST_PYTHON_FN_CC *)(BOOST_PP_ENUM_PARAMS_Z(1, N, T)), void* = 0)
^
/usr/local/include/boost/python/signature.hpp:194:1: note: candidate template ignored: failed template argument deduction
get_signature(RT(BOOST_PYTHON_FN_CC *)(BOOST_PP_ENUM_PARAMS_Z(1, N, T)), void* = 0)
^
/usr/local/include/boost/python/signature.hpp:194:1: note: candidate template ignored: failed template argument deduction
get_signature(RT(BOOST_PYTHON_FN_CC *)(BOOST_PP_ENUM_PARAMS_Z(1, N, T)), void* = 0)
^
/usr/local/include/boost/python/signature.hpp:194:1: note: candidate template ignored: failed template argument deduction
get_signature(RT(BOOST_PYTHON_FN_CC *)(BOOST_PP_ENUM_PARAMS_Z(1, N, T)), void* = 0)
^
/usr/local/include/boost/python/signature.hpp:194:1: note: candidate template ignored: failed template argument deduction
get_signature(RT(BOOST_PYTHON_FN_CC *)(BOOST_PP_ENUM_PARAMS_Z(1, N, T)), void* = 0)
^
/usr/local/include/boost/python/signature.hpp:218:1: note: candidate template ignored: could not match 'RT (ClassT::*)(T0, T1, T2, T3, T4, T5, T6, T7, T8, T9) const' against 'boost::python::list (*)(int, int, int, int, int, int, int, int, int, int, int, int, int, int, int, int)'
get_signature(RT(BOOST_PYTHON_FN_CC ClassT::*)(BOOST_PP_ENUM_PARAMS_Z(1, N, T)) Q)
^
/usr/local/include/boost/python/signature.hpp:218:1: note: candidate template ignored: could not match 'RT (ClassT::*)(T0, T1, T2, T3, T4, T5, T6, T7, T8, T9) volatile' against 'boost::python::list (*)(int, int, int, int, int, int, int, int, int, int, int, int, int, int, int, int)'
get_signature(RT(BOOST_PYTHON_FN_CC ClassT::*)(BOOST_PP_ENUM_PARAMS_Z(1, N, T)) Q)
^
/usr/local/include/boost/python/signature.hpp:218:1: note: candidate template ignored: could not match 'RT (ClassT::*)(T0, T1, T2, T3, T4, T5, T6, T7, T8, T9) const volatile' against 'boost::python::list (*)(int, int, int, int, int, int, int, int, int, int, int, int, int, int, int, int)'
get_signature(RT(BOOST_PYTHON_FN_CC ClassT::*)(BOOST_PP_ENUM_PARAMS_Z(1, N, T)) Q)
^
/usr/local/include/boost/python/signature.hpp:218:1: note: candidate template ignored: could not match 'RT (ClassT::*)(T0, T1, T2, T3, T4, T5, T6, T7, T8, T9, T10)' against 'boost::python::list (*)(int, int, int, int, int, int, int, int, int, int, int, int, int, int, int, int)'
get_signature(RT(BOOST_PYTHON_FN_CC ClassT::*)(BOOST_PP_ENUM_PARAMS_Z(1, N, T)) Q)
^
/usr/local/include/boost/python/signature.hpp:218:1: note: candidate template ignored: could not match 'RT (ClassT::*)(T0, T1, T2, T3, T4, T5, T6, T7, T8, T9, T10) const' against 'boost::python::list (*)(int, int, int, int, int, int, int, int, int, int, int, int, int, int, int, int)'
get_signature(RT(BOOST_PYTHON_FN_CC ClassT::*)(BOOST_PP_ENUM_PARAMS_Z(1, N, T)) Q)
^
/usr/local/include/boost/python/signature.hpp:218:1: note: candidate template ignored: could not match 'RT (ClassT::*)(T0, T1, T2, T3, T4, T5, T6, T7, T8, T9, T10) volatile' against 'boost::python::list (*)(int, int, int, int, int, int, int, int, int, int, int, int, int, int, int, int)'
get_signature(RT(BOOST_PYTHON_FN_CC ClassT::*)(BOOST_PP_ENUM_PARAMS_Z(1, N, T)) Q)
^
/usr/local/include/boost/python/signature.hpp:218:1: note: candidate template ignored: could not match 'RT (ClassT::*)(T0, T1, T2, T3, T4, T5, T6, T7, T8, T9, T10) const volatile' against 'boost::python::list (*)(int, int, int, int, int, int, int, int, int, int, int, int, int, int, int, int)'
get_signature(RT(BOOST_PYTHON_FN_CC ClassT::*)(BOOST_PP_ENUM_PARAMS_Z(1, N, T)) Q)
^
/usr/local/include/boost/python/signature.hpp:218:1: note: candidate template ignored: could not match 'RT (ClassT::*)(T0, T1, T2, T3, T4, T5, T6, T7, T8, T9, T10, T11)' against 'boost::python::list (*)(int, int, int, int, int, int, int, int, int, int, int, int, int, int, int, int)'
get_signature(RT(BOOST_PYTHON_FN_CC ClassT::*)(BOOST_PP_ENUM_PARAMS_Z(1, N, T)) Q)
^
/usr/local/include/boost/python/signature.hpp:218:1: note: candidate template ignored: could not match 'RT (ClassT::*)(T0, T1, T2, T3, T4, T5, T6, T7, T8, T9, T10, T11) const' against 'boost::python::list (*)(int, int, int, int, int, int, int, int, int, int, int, int, int, int, int, int)'
get_signature(RT(BOOST_PYTHON_FN_CC ClassT::*)(BOOST_PP_ENUM_PARAMS_Z(1, N, T)) Q)
^
/usr/local/include/boost/python/signature.hpp:218:1: note: candidate template ignored: could not match 'RT (ClassT::*)(T0, T1, T2, T3, T4, T5, T6, T7, T8, T9, T10, T11) volatile' against 'boost::python::list (*)(int, int, int, int, int, int, int, int, int, int, int, int, int, int, int, int)'
get_signature(RT(BOOST_PYTHON_FN_CC ClassT::*)(BOOST_PP_ENUM_PARAMS_Z(1, N, T)) Q)
^
/usr/local/include/boost/python/signature.hpp:218:1: note: candidate template ignored: could not match 'RT (ClassT::*)(T0, T1, T2, T3, T4, T5, T6, T7, T8, T9, T10, T11) const volatile' against 'boost::python::list (*)(int, int, int, int, int, int, int, int, int, int, int, int, int, int, int, int)'
get_signature(RT(BOOST_PYTHON_FN_CC ClassT::*)(BOOST_PP_ENUM_PARAMS_Z(1, N, T)) Q)
^
/usr/local/include/boost/python/signature.hpp:218:1: note: candidate template ignored: could not match 'RT (ClassT::*)(T0, T1, T2, T3, T4, T5, T6, T7, T8, T9, T10, T11, T12)' against 'boost::python::list (*)(int, int, int, int, int, int, int, int, int, int, int, int, int, int, int, int)'
get_signature(RT(BOOST_PYTHON_FN_CC ClassT::*)(BOOST_PP_ENUM_PARAMS_Z(1, N, T)) Q)
^
/usr/local/include/boost/python/signature.hpp:218:1: note: candidate template ignored: could not match 'RT (ClassT::*)(T0, T1, T2, T3, T4, T5, T6, T7, T8, T9, T10, T11, T12) const' against 'boost::python::list (*)(int, int, int, int, int, int, int, int, int, int, int, int, int, int, int, int)'
get_signature(RT(BOOST_PYTHON_FN_CC ClassT::*)(BOOST_PP_ENUM_PARAMS_Z(1, N, T)) Q)
^
/usr/local/include/boost/python/signature.hpp:218:1: note: candidate template ignored: could not match 'RT (ClassT::*)(T0, T1, T2, T3, T4, T5, T6, T7, T8, T9, T10, T11, T12) volatile' against 'boost::python::list (*)(int, int, int, int, int, int, int, int, int, int, int, int, int, int, int, int)'
get_signature(RT(BOOST_PYTHON_FN_CC ClassT::*)(BOOST_PP_ENUM_PARAMS_Z(1, N, T)) Q)
^
/usr/local/include/boost/python/signature.hpp:218:1: note: candidate template ignored: could not match 'RT (ClassT::*)(T0, T1, T2, T3, T4, T5, T6, T7, T8, T9, T10, T11, T12) const volatile' against 'boost::python::list (*)(int, int, int, int, int, int, int, int, int, int, int, int, int, int, int, int)'
get_signature(RT(BOOST_PYTHON_FN_CC ClassT::*)(BOOST_PP_ENUM_PARAMS_Z(1, N, T)) Q)
^
/usr/local/include/boost/python/signature.hpp:218:1: note: candidate template ignored: could not match 'RT (ClassT::*)(T0, T1, T2, T3, T4, T5, T6, T7, T8, T9, T10, T11, T12, T13)' against 'boost::python::list (*)(int, int, int, int, int, int, int, int, int, int, int, int, int, int, int, int)'
get_signature(RT(BOOST_PYTHON_FN_CC ClassT::*)(BOOST_PP_ENUM_PARAMS_Z(1, N, T)) Q)
^
/usr/local/include/boost/python/signature.hpp:218:1: note: candidate template ignored: could not match 'RT (ClassT::*)(T0, T1, T2, T3, T4, T5, T6, T7, T8, T9, T10, T11, T12, T13) const' against 'boost::python::list (*)(int, int, int, int, int, int, int, int, int, int, int, int, int, int, int, int)'
get_signature(RT(BOOST_PYTHON_FN_CC ClassT::*)(BOOST_PP_ENUM_PARAMS_Z(1, N, T)) Q)
^
/usr/local/include/boost/python/signature.hpp:218:1: note: candidate template ignored: could not match 'RT (ClassT::*)(T0, T1, T2, T3, T4, T5, T6, T7, T8, T9, T10, T11, T12, T13) volatile' against 'boost::python::list (*)(int, int, int, int, int, int, int, int, int, int, int, int, int, int, int, int)'
get_signature(RT(BOOST_PYTHON_FN_CC ClassT::*)(BOOST_PP_ENUM_PARAMS_Z(1, N, T)) Q)
^
/usr/local/include/boost/python/signature.hpp:218:1: note: candidate template ignored: could not match 'RT (ClassT::*)(T0, T1, T2, T3, T4, T5, T6, T7, T8, T9, T10, T11, T12, T13) const volatile' against 'boost::python::list (*)(int, int, int, int, int, int, int, int, int, int, int, int, int, int, int, int)'
get_signature(RT(BOOST_PYTHON_FN_CC ClassT::*)(BOOST_PP_ENUM_PARAMS_Z(1, N, T)) Q)
^
/usr/local/include/boost/python/signature.hpp:218:1: note: candidate template ignored: could not match 'RT (ClassT::*)(T0, T1, T2, T3, T4, T5, T6, T7, T8, T9, T10, T11, T12, T13, T14)' against 'boost::python::list (*)(int, int, int, int, int, int, int, int, int, int, int, int, int, int, int, int)'
get_signature(RT(BOOST_PYTHON_FN_CC ClassT::*)(BOOST_PP_ENUM_PARAMS_Z(1, N, T)) Q)
^
/usr/local/include/boost/python/signature.hpp:218:1: note: candidate template ignored: could not match 'RT (ClassT::*)(T0, T1, T2, T3, T4, T5, T6, T7, T8, T9, T10, T11, T12, T13, T14) const' against 'boost::python::list (*)(int, int, int, int, int, int, int, int, int, int, int, int, int, int, int, int)'
get_signature(RT(BOOST_PYTHON_FN_CC ClassT::*)(BOOST_PP_ENUM_PARAMS_Z(1, N, T)) Q)
^
/usr/local/include/boost/python/signature.hpp:218:1: note: candidate template ignored: could not match 'RT (ClassT::*)(T0, T1, T2, T3, T4, T5, T6, T7, T8, T9, T10, T11, T12, T13, T14) volatile' against 'boost::python::list (*)(int, int, int, int, int, int, int, int, int, int, int, int, int, int, int, int)'
get_signature(RT(BOOST_PYTHON_FN_CC ClassT::*)(BOOST_PP_ENUM_PARAMS_Z(1, N, T)) Q)
^
/usr/local/include/boost/python/signature.hpp:194:1: note: candidate template ignored: failed template argument deduction
get_signature(RT(BOOST_PYTHON_FN_CC *)(BOOST_PP_ENUM_PARAMS_Z(1, N, T)), void* = 0)
^
/usr/local/include/boost/python/signature.hpp:218:1: note: candidate template ignored: could not match 'RT (ClassT::*)(T0, T1, T2, T3, T4, T5, T6, T7, T8, T9, T10, T11, T12, T13, T14) const volatile' against 'boost::python::list (*)(int, int, int, int, int, int, int, int, int, int, int, int, int, int, int, int)'
get_signature(RT(BOOST_PYTHON_FN_CC ClassT::*)(BOOST_PP_ENUM_PARAMS_Z(1, N, T)) Q)
^
/usr/local/include/boost/python/signature.hpp:194:1: note: candidate template ignored: failed template argument deduction
get_signature(RT(BOOST_PYTHON_FN_CC *)(BOOST_PP_ENUM_PARAMS_Z(1, N, T)), void* = 0)
^
/usr/local/include/boost/python/signature.hpp:194:1: note: candidate template ignored: failed template argument deduction
get_signature(RT(BOOST_PYTHON_FN_CC *)(BOOST_PP_ENUM_PARAMS_Z(1, N, T)), void* = 0)
^
/usr/local/include/boost/python/signature.hpp:218:1: note: candidate template ignored: could not match 'RT (ClassT::*)()' against 'boost::python::list (*)(int, int, int, int, int, int, int, int, int, int, int, int, int, int, int, int)'
get_signature(RT(BOOST_PYTHON_FN_CC ClassT::*)(BOOST_PP_ENUM_PARAMS_Z(1, N, T)) Q)
^
/usr/local/include/boost/python/signature.hpp:218:1: note: candidate template ignored: could not match 'RT (ClassT::*)() const' against 'boost::python::list (*)(int, int, int, int, int, int, int, int, int, int, int, int, int, int, int, int)'
get_signature(RT(BOOST_PYTHON_FN_CC ClassT::*)(BOOST_PP_ENUM_PARAMS_Z(1, N, T)) Q)
^
/usr/local/include/boost/python/signature.hpp:218:1: note: candidate template ignored: could not match 'RT (ClassT::*)(T0) const volatile' against 'boost::python::list (*)(int, int, int, int, int, int, int, int, int, int, int, int, int, int, int, int)'
get_signature(RT(BOOST_PYTHON_FN_CC ClassT::*)(BOOST_PP_ENUM_PARAMS_Z(1, N, T)) Q)
^
/usr/local/include/boost/python/signature.hpp:218:1: note: candidate template ignored: could not match 'RT (ClassT::*)(T0, T1)' against 'boost::python::list (*)(int, int, int, int, int, int, int, int, int, int, int, int, int, int, int, int)'
get_signature(RT(BOOST_PYTHON_FN_CC ClassT::*)(BOOST_PP_ENUM_PARAMS_Z(1, N, T)) Q)
^
/usr/local/include/boost/python/signature.hpp:194:1: note: candidate template ignored: failed template argument deduction
get_signature(RT(BOOST_PYTHON_FN_CC *)(BOOST_PP_ENUM_PARAMS_Z(1, N, T)), void* = 0)
^
/usr/local/include/boost/python/signature.hpp:218:1: note: candidate template ignored: could not match 'RT (ClassT::*)() volatile' against 'boost::python::list (*)(int, int, int, int, int, int, int, int, int, int, int, int, int, int, int, int)'
get_signature(RT(BOOST_PYTHON_FN_CC ClassT::*)(BOOST_PP_ENUM_PARAMS_Z(1, N, T)) Q)
^
/usr/local/include/boost/python/signature.hpp:218:1: note: candidate template ignored: could not match 'RT (ClassT::*)() const volatile' against 'boost::python::list (*)(int, int, int, int, int, int, int, int, int, int, int, int, int, int, int, int)'
get_signature(RT(BOOST_PYTHON_FN_CC ClassT::*)(BOOST_PP_ENUM_PARAMS_Z(1, N, T)) Q)
^
/usr/local/include/boost/python/signature.hpp:218:1: note: candidate template ignored: could not match 'RT (ClassT::*)(T0)' against 'boost::python::list (*)(int, int, int, int, int, int, int, int, int, int, int, int, int, int, int, int)'
get_signature(RT(BOOST_PYTHON_FN_CC ClassT::*)(BOOST_PP_ENUM_PARAMS_Z(1, N, T)) Q)
^
/usr/local/include/boost/python/signature.hpp:218:1: note: candidate template ignored: could not match 'RT (ClassT::*)(T0) const' against 'boost::python::list (*)(int, int, int, int, int, int, int, int, int, int, int, int, int, int, int, int)'
get_signature(RT(BOOST_PYTHON_FN_CC ClassT::*)(BOOST_PP_ENUM_PARAMS_Z(1, N, T)) Q)
^
/usr/local/include/boost/python/signature.hpp:218:1: note: candidate template ignored: could not match 'RT (ClassT::*)(T0) volatile' against 'boost::python::list (*)(int, int, int, int, int, int, int, int, int, int, int, int, int, int, int, int)'
get_signature(RT(BOOST_PYTHON_FN_CC ClassT::*)(BOOST_PP_ENUM_PARAMS_Z(1, N, T)) Q)
^
/usr/local/include/boost/python/signature.hpp:194:1: note: candidate template ignored: failed template argument deduction
get_signature(RT(BOOST_PYTHON_FN_CC *)(BOOST_PP_ENUM_PARAMS_Z(1, N, T)), void* = 0)
^
/usr/local/include/boost/python/signature.hpp:218:1: note: candidate template ignored: could not match 'RT (ClassT::*)(T0, T1) volatile' against 'boost::python::list (*)(int, int, int, int, int, int, int, int, int, int, int, int, int, int, int, int)'
get_signature(RT(BOOST_PYTHON_FN_CC ClassT::*)(BOOST_PP_ENUM_PARAMS_Z(1, N, T)) Q)
^
/usr/local/include/boost/python/signature.hpp:218:1: note: candidate template ignored: could not match 'RT (ClassT::*)(T0, T1) const volatile' against 'boost::python::list (*)(int, int, int, int, int, int, int, int, int, int, int, int, int, int, int, int)'
get_signature(RT(BOOST_PYTHON_FN_CC ClassT::*)(BOOST_PP_ENUM_PARAMS_Z(1, N, T)) Q)
^
/usr/local/include/boost/python/signature.hpp:218:1: note: candidate template ignored: could not match 'RT (ClassT::*)(T0, T1, T2)' against 'boost::python::list (*)(int, int, int, int, int, int, int, int, int, int, int, int, int, int, int, int)'
get_signature(RT(BOOST_PYTHON_FN_CC ClassT::*)(BOOST_PP_ENUM_PARAMS_Z(1, N, T)) Q)
^
/usr/local/include/boost/python/signature.hpp:218:1: note: candidate template ignored: could not match 'RT (ClassT::*)(T0, T1, T2) const' against 'boost::python::list (*)(int, int, int, int, int, int, int, int, int, int, int, int, int, int, int, int)'
get_signature(RT(BOOST_PYTHON_FN_CC ClassT::*)(BOOST_PP_ENUM_PARAMS_Z(1, N, T)) Q)
^
/usr/local/include/boost/python/signature.hpp:194:1: note: candidate template ignored: failed template argument deduction
get_signature(RT(BOOST_PYTHON_FN_CC *)(BOOST_PP_ENUM_PARAMS_Z(1, N, T)), void* = 0)
^
/usr/local/include/boost/python/signature.hpp:218:1: note: candidate template ignored: could not match 'RT (ClassT::*)(T0, T1) const' against 'boost::python::list (*)(int, int, int, int, int, int, int, int, int, int, int, int, int, int, int, int)'
get_signature(RT(BOOST_PYTHON_FN_CC ClassT::*)(BOOST_PP_ENUM_PARAMS_Z(1, N, T)) Q)
^
/usr/local/include/boost/python/signature.hpp:218:1: note: candidate template ignored: could not match 'RT (ClassT::*)(T0, T1, T2) volatile' against 'boost::python::list (*)(int, int, int, int, int, int, int, int, int, int, int, int, int, int, int, int)'
get_signature(RT(BOOST_PYTHON_FN_CC ClassT::*)(BOOST_PP_ENUM_PARAMS_Z(1, N, T)) Q)
^
/usr/local/include/boost/python/signature.hpp:218:1: note: candidate template ignored: could not match 'RT (ClassT::*)(T0, T1, T2, T3) const' against 'boost::python::list (*)(int, int, int, int, int, int, int, int, int, int, int, int, int, int, int, int)'
get_signature(RT(BOOST_PYTHON_FN_CC ClassT::*)(BOOST_PP_ENUM_PARAMS_Z(1, N, T)) Q)
^
/usr/local/include/boost/python/signature.hpp:194:1: note: candidate template ignored: failed template argument deduction
get_signature(RT(BOOST_PYTHON_FN_CC *)(BOOST_PP_ENUM_PARAMS_Z(1, N, T)), void* = 0)
^
/usr/local/include/boost/python/signature.hpp:218:1: note: candidate template ignored: could not match 'RT (ClassT::*)(T0, T1, T2, T3) volatile' against 'boost::python::list (*)(int, int, int, int, int, int, int, int, int, int, int, int, int, int, int, int)'
get_signature(RT(BOOST_PYTHON_FN_CC ClassT::*)(BOOST_PP_ENUM_PARAMS_Z(1, N, T)) Q)
^
/usr/local/include/boost/python/signature.hpp:194:1: note: candidate template ignored: failed template argument deduction
get_signature(RT(BOOST_PYTHON_FN_CC *)(BOOST_PP_ENUM_PARAMS_Z(1, N, T)), void* = 0)
^
/usr/local/include/boost/python/signature.hpp:218:1: note: candidate template ignored: could not match 'RT (ClassT::*)(T0, T1, T2, T3)' against 'boost::python::list (*)(int, int, int, int, int, int, int, int, int, int, int, int, int, int, int, int)'
get_signature(RT(BOOST_PYTHON_FN_CC ClassT::*)(BOOST_PP_ENUM_PARAMS_Z(1, N, T)) Q)
^
/usr/local/include/boost/python/signature.hpp:218:1: note: candidate template ignored: could not match 'RT (ClassT::*)(T0, T1, T2, T3) const volatile' against 'boost::python::list (*)(int, int, int, int, int, int, int, int, int, int, int, int, int, int, int, int)'
get_signature(RT(BOOST_PYTHON_FN_CC ClassT::*)(BOOST_PP_ENUM_PARAMS_Z(1, N, T)) Q)
^
/usr/local/include/boost/python/signature.hpp:194:1: note: candidate template ignored: failed template argument deduction
get_signature(RT(BOOST_PYTHON_FN_CC *)(BOOST_PP_ENUM_PARAMS_Z(1, N, T)), void* = 0)
^
/usr/local/include/boost/python/signature.hpp:218:1: note: candidate template ignored: could not match 'RT (ClassT::*)(T0, T1, T2) const volatile' against 'boost::python::list (*)(int, int, int, int, int, int, int, int, int, int, int, int, int, int, int, int)'
get_signature(RT(BOOST_PYTHON_FN_CC ClassT::*)(BOOST_PP_ENUM_PARAMS_Z(1, N, T)) Q)
^
/usr/local/include/boost/python/signature.hpp:218:1: note: candidate template ignored: could not match 'RT (ClassT::*)(T0, T1, T2, T3, T4)' against 'boost::python::list (*)(int, int, int, int, int, int, int, int, int, int, int, int, int, int, int, int)'
get_signature(RT(BOOST_PYTHON_FN_CC ClassT::*)(BOOST_PP_ENUM_PARAMS_Z(1, N, T)) Q)
^
/usr/local/include/boost/python/signature.hpp:218:1: note: candidate template ignored: could not match 'RT (ClassT::*)(T0, T1, T2, T3, T4) const' against 'boost::python::list (*)(int, int, int, int, int, int, int, int, int, int, int, int, int, int, int, int)'
get_signature(RT(BOOST_PYTHON_FN_CC ClassT::*)(BOOST_PP_ENUM_PARAMS_Z(1, N, T)) Q)
^
/usr/local/include/boost/python/signature.hpp:194:1: note: candidate template ignored: failed template argument deduction
get_signature(RT(BOOST_PYTHON_FN_CC *)(BOOST_PP_ENUM_PARAMS_Z(1, N, T)), void* = 0)
^
/usr/local/include/boost/python/signature.hpp:218:1: note: candidate template ignored: could not match 'RT (ClassT::*)(T0, T1, T2, T3, T4) volatile' against 'boost::python::list (*)(int, int, int, int, int, int, int, int, int, int, int, int, int, int, int, int)'
get_signature(RT(BOOST_PYTHON_FN_CC ClassT::*)(BOOST_PP_ENUM_PARAMS_Z(1, N, T)) Q)
^
/usr/local/include/boost/python/signature.hpp:236:1: note: candidate function template not viable: requires 2 arguments, but 1 was provided
get_signature(
^
/usr/local/include/boost/python/signature.hpp:236:1: note: candidate function template not viable: requires 2 arguments, but 1 was provided
get_signature(
^
/usr/local/include/boost/python/signature.hpp:236:1: note: candidate function template not viable: requires 2 arguments, but 1 was provided
get_signature(
^
/usr/local/include/boost/python/signature.hpp:236:1: note: candidate function template not viable: requires 2 arguments, but 1 was provided
get_signature(
^
/usr/local/include/boost/python/signature.hpp:236:1: note: candidate function template not viable: requires 2 arguments, but 1 was provided
get_signature(
^
/usr/local/include/boost/python/signature.hpp:236:1: note: candidate function template not viable: requires 2 arguments, but 1 was provided
get_signature(
^
/usr/local/include/boost/python/signature.hpp:236:1: note: candidate function template not viable: requires 2 arguments, but 1 was provided
get_signature(
^
/usr/local/include/boost/python/signature.hpp:236:1: note: candidate function template not viable: requires 2 arguments, but 1 was provided
get_signature(
^
/usr/local/include/boost/python/signature.hpp:236:1: note: candidate function template not viable: requires 2 arguments, but 1 was provided
get_signature(
^
/usr/local/include/boost/python/signature.hpp:236:1: note: candidate function template not viable: requires 2 arguments, but 1 was provided
get_signature(
^
/usr/local/include/boost/python/signature.hpp:236:1: note: candidate function template not viable: requires 2 arguments, but 1 was provided
get_signature(
^
/usr/local/include/boost/python/signature.hpp:236:1: note: candidate function template not viable: requires 2 arguments, but 1 was provided
get_signature(
^
/usr/local/include/boost/python/signature.hpp:236:1: note: candidate function template not viable: requires 2 arguments, but 1 was provided
get_signature(
^
/usr/local/include/boost/python/signature.hpp:236:1: note: candidate function template not viable: requires 2 arguments, but 1 was provided
get_signature(
^
/usr/local/include/boost/python/signature.hpp:236:1: note: candidate function template not viable: requires 2 arguments, but 1 was provided
get_signature(
^
/usr/local/include/boost/python/signature.hpp:236:1: note: candidate function template not viable: requires 2 arguments, but 1 was provided
get_signature(
^
/usr/local/include/boost/python/signature.hpp:236:1: note: candidate function template not viable: requires 2 arguments, but 1 was provided
get_signature(
^
/usr/local/include/boost/python/signature.hpp:236:1: note: candidate function template not viable: requires 2 arguments, but 1 was provided
get_signature(
^
/usr/local/include/boost/python/signature.hpp:236:1: note: candidate function template not viable: requires 2 arguments, but 1 was provided
get_signature(
^
/usr/local/include/boost/python/signature.hpp:236:1: note: candidate function template not viable: requires 2 arguments, but 1 was provided
get_signature(
^
/usr/local/include/boost/python/signature.hpp:236:1: note: candidate function template not viable: requires 2 arguments, but 1 was provided
get_signature(
^
/usr/local/include/boost/python/signature.hpp:236:1: note: candidate function template not viable: requires 2 arguments, but 1 was provided
get_signature(
^
/usr/local/include/boost/python/signature.hpp:236:1: note: candidate function template not viable: requires 2 arguments, but 1 was provided
get_signature(
^
/usr/local/include/boost/python/signature.hpp:236:1: note: candidate function template not viable: requires 2 arguments, but 1 was provided
get_signature(
^
/usr/local/include/boost/python/signature.hpp:236:1: note: candidate function template not viable: requires 2 arguments, but 1 was provided
get_signature(
^
/usr/local/include/boost/python/signature.hpp:236:1: note: candidate function template not viable: requires 2 arguments, but 1 was provided
get_signature(
^
/usr/local/include/boost/python/signature.hpp:236:1: note: candidate function template not viable: requires 2 arguments, but 1 was provided
get_signature(
^
/usr/local/include/boost/python/signature.hpp:236:1: note: candidate function template not viable: requires 2 arguments, but 1 was provided
get_signature(
^
/usr/local/include/boost/python/signature.hpp:236:1: note: candidate function template not viable: requires 2 arguments, but 1 was provided
get_signature(
^
/usr/local/include/boost/python/signature.hpp:236:1: note: candidate function template not viable: requires 2 arguments, but 1 was provided
get_signature(
^
/usr/local/include/boost/python/signature.hpp:236:1: note: candidate function template not viable: requires 2 arguments, but 1 was provided
get_signature(
^
/usr/local/include/boost/python/signature.hpp:236:1: note: candidate function template not viable: requires 2 arguments, but 1 was provided
get_signature(
^
/usr/local/include/boost/python/signature.hpp:236:1: note: candidate function template not viable: requires 2 arguments, but 1 was provided
get_signature(
^
/usr/local/include/boost/python/signature.hpp:236:1: note: candidate function template not viable: requires 2 arguments, but 1 was provided
get_signature(
^
/usr/local/include/boost/python/signature.hpp:236:1: note: candidate function template not viable: requires 2 arguments, but 1 was provided
get_signature(
^
/usr/local/include/boost/python/signature.hpp:236:1: note: candidate function template not viable: requires 2 arguments, but 1 was provided
get_signature(
^
/usr/local/include/boost/python/signature.hpp:236:1: note: candidate function template not viable: requires 2 arguments, but 1 was provided
get_signature(
^
/usr/local/include/boost/python/signature.hpp:236:1: note: candidate function template not viable: requires 2 arguments, but 1 was provided
get_signature(
^
/usr/local/include/boost/python/signature.hpp:236:1: note: candidate function template not viable: requires 2 arguments, but 1 was provided
get_signature(
^
/usr/local/include/boost/python/signature.hpp:236:1: note: candidate function template not viable: requires 2 arguments, but 1 was provided
get_signature(
^
/usr/local/include/boost/python/signature.hpp:236:1: note: candidate function template not viable: requires 2 arguments, but 1 was provided
get_signature(
^
/usr/local/include/boost/python/signature.hpp:236:1: note: candidate function template not viable: requires 2 arguments, but 1 was provided
get_signature(
^
/usr/local/include/boost/python/signature.hpp:236:1: note: candidate function template not viable: requires 2 arguments, but 1 was provided
get_signature(
^
/usr/local/include/boost/python/signature.hpp:236:1: note: candidate function template not viable: requires 2 arguments, but 1 was provided
get_signature(
^
/usr/local/include/boost/python/signature.hpp:236:1: note: candidate function template not viable: requires 2 arguments, but 1 was provided
get_signature(
^
/usr/local/include/boost/python/signature.hpp:236:1: note: candidate function template not viable: requires 2 arguments, but 1 was provided
get_signature(
^
/usr/local/include/boost/python/signature.hpp:236:1: note: candidate function template not viable: requires 2 arguments, but 1 was provided
get_signature(
^
/usr/local/include/boost/python/signature.hpp:236:1: note: candidate function template not viable: requires 2 arguments, but 1 was provided
get_signature(
^
/usr/local/include/boost/python/signature.hpp:236:1: note: candidate function template not viable: requires 2 arguments, but 1 was provided
get_signature(
^
/usr/local/include/boost/python/signature.hpp:236:1: note: candidate function template not viable: requires 2 arguments, but 1 was provided
get_signature(
^
/usr/local/include/boost/python/signature.hpp:236:1: note: candidate function template not viable: requires 2 arguments, but 1 was provided
get_signature(
^
/usr/local/include/boost/python/signature.hpp:236:1: note: candidate function template not viable: requires 2 arguments, but 1 was provided
get_signature(
^
/usr/local/include/boost/python/signature.hpp:236:1: note: candidate function template not viable: requires 2 arguments, but 1 was provided
get_signature(
^
/usr/local/include/boost/python/signature.hpp:236:1: note: candidate function template not viable: requires 2 arguments, but 1 was provided
get_signature(
^
/usr/local/include/boost/python/signature.hpp:236:1: note: candidate function template not viable: requires 2 arguments, but 1 was provided
get_signature(
^
/usr/local/include/boost/python/signature.hpp:236:1: note: candidate function template not viable: requires 2 arguments, but 1 was provided
get_signature(
^
/usr/local/include/boost/python/signature.hpp:236:1: note: candidate function template not viable: requires 2 arguments, but 1 was provided
get_signature(
^
/usr/local/include/boost/python/signature.hpp:236:1: note: candidate function template not viable: requires 2 arguments, but 1 was provided
get_signature(
^
/usr/local/include/boost/python/signature.hpp:236:1: note: candidate function template not viable: requires 2 arguments, but 1 was provided
get_signature(
^
/usr/local/include/boost/python/signature.hpp:236:1: note: candidate function template not viable: requires 2 arguments, but 1 was provided
get_signature(
^
/usr/local/include/boost/python/signature.hpp:236:1: note: candidate function template not viable: requires 2 arguments, but 1 was provided
get_signature(
^
/usr/local/include/boost/python/signature.hpp:236:1: note: candidate function template not viable: requires 2 arguments, but 1 was provided
get_signature(
^
/usr/local/include/boost/python/signature.hpp:236:1: note: candidate function template not viable: requires 2 arguments, but 1 was provided
get_signature(
^
/usr/local/include/boost/python/signature.hpp:236:1: note: candidate function template not viable: requires 2 arguments, but 1 was provided
get_signature(
^
1 error generated.
Traceback (most recent call last):
  File "<stdin>", line 1, in <module>
ImportError: No module named example
1
